mode: set
github.com/viniosilva/socialassistanceapi/internal/infra/mysql.go:16.71,20.16 3 1
github.com/viniosilva/socialassistanceapi/internal/infra/mysql.go:24.2,28.22 4 1
github.com/viniosilva/socialassistanceapi/internal/infra/mysql.go:20.16,21.13 1 0
github.com/viniosilva/socialassistanceapi/internal/infra/mysql.go:31.91,35.33 3 1
github.com/viniosilva/socialassistanceapi/internal/infra/mysql.go:47.2,47.23 1 1
github.com/viniosilva/socialassistanceapi/internal/infra/mysql.go:35.33,36.45 1 1
github.com/viniosilva/socialassistanceapi/internal/infra/mysql.go:39.3,39.45 1 1
github.com/viniosilva/socialassistanceapi/internal/infra/mysql.go:43.3,44.33 2 1
github.com/viniosilva/socialassistanceapi/internal/infra/mysql.go:36.45,37.12 1 1
github.com/viniosilva/socialassistanceapi/internal/infra/mysql.go:39.45,40.12 1 1
github.com/viniosilva/socialassistanceapi/internal/service/donate_resource.go:19.103,22.110 2 1
github.com/viniosilva/socialassistanceapi/internal/service/donate_resource.go:27.2,27.12 1 1
github.com/viniosilva/socialassistanceapi/internal/service/donate_resource.go:22.110,25.3 2 1
github.com/viniosilva/socialassistanceapi/internal/service/donate_resource.go:30.90,33.78 2 1
github.com/viniosilva/socialassistanceapi/internal/service/donate_resource.go:38.2,38.12 1 1
github.com/viniosilva/socialassistanceapi/internal/service/donate_resource.go:33.78,36.3 2 1
github.com/viniosilva/socialassistanceapi/internal/service/family.go:24.87,28.16 3 1
github.com/viniosilva/socialassistanceapi/internal/service/family.go:33.2,34.25 2 1
github.com/viniosilva/socialassistanceapi/internal/service/family.go:50.2,50.41 1 1
github.com/viniosilva/socialassistanceapi/internal/service/family.go:28.16,31.3 2 1
github.com/viniosilva/socialassistanceapi/internal/service/family.go:34.25,48.3 1 1
github.com/viniosilva/socialassistanceapi/internal/service/family.go:53.103,57.31 3 1
github.com/viniosilva/socialassistanceapi/internal/service/family.go:62.2,76.8 1 1
github.com/viniosilva/socialassistanceapi/internal/service/family.go:57.31,60.3 2 1
github.com/viniosilva/socialassistanceapi/internal/service/family.go:79.105,93.16 3 1
github.com/viniosilva/socialassistanceapi/internal/service/family.go:98.2,112.8 1 1
github.com/viniosilva/socialassistanceapi/internal/service/family.go:93.16,96.3 2 1
github.com/viniosilva/socialassistanceapi/internal/service/family.go:115.87,128.17 2 1
github.com/viniosilva/socialassistanceapi/internal/service/family.go:133.2,133.12 1 1
github.com/viniosilva/socialassistanceapi/internal/service/family.go:128.17,131.3 2 1
github.com/viniosilva/socialassistanceapi/internal/service/family.go:136.80,139.68 2 1
github.com/viniosilva/socialassistanceapi/internal/service/family.go:144.2,144.12 1 1
github.com/viniosilva/socialassistanceapi/internal/service/family.go:139.68,142.3 2 1
github.com/viniosilva/socialassistanceapi/internal/service/health.go:19.73,22.56 2 1
github.com/viniosilva/socialassistanceapi/internal/service/health.go:27.2,27.39 1 1
github.com/viniosilva/socialassistanceapi/internal/service/health.go:22.56,25.3 2 1
github.com/viniosilva/socialassistanceapi/internal/service/person.go:24.86,28.16 3 1
github.com/viniosilva/socialassistanceapi/internal/service/person.go:33.2,34.25 2 1
github.com/viniosilva/socialassistanceapi/internal/service/person.go:44.2,44.40 1 1
github.com/viniosilva/socialassistanceapi/internal/service/person.go:28.16,31.3 2 1
github.com/viniosilva/socialassistanceapi/internal/service/person.go:34.25,42.3 1 1
github.com/viniosilva/socialassistanceapi/internal/service/person.go:47.103,51.31 3 1
github.com/viniosilva/socialassistanceapi/internal/service/person.go:56.2,64.8 1 1
github.com/viniosilva/socialassistanceapi/internal/service/person.go:51.31,54.3 2 1
github.com/viniosilva/socialassistanceapi/internal/service/person.go:67.105,74.16 3 1
github.com/viniosilva/socialassistanceapi/internal/service/person.go:79.2,87.8 1 1
github.com/viniosilva/socialassistanceapi/internal/service/person.go:74.16,77.3 2 1
github.com/viniosilva/socialassistanceapi/internal/service/person.go:90.87,97.17 2 1
github.com/viniosilva/socialassistanceapi/internal/service/person.go:102.2,102.12 1 1
github.com/viniosilva/socialassistanceapi/internal/service/person.go:97.17,100.3 2 1
github.com/viniosilva/socialassistanceapi/internal/service/person.go:105.80,108.68 2 1
github.com/viniosilva/socialassistanceapi/internal/service/person.go:113.2,113.12 1 1
github.com/viniosilva/socialassistanceapi/internal/service/person.go:108.68,111.3 2 1
github.com/viniosilva/socialassistanceapi/internal/service/resource.go:23.90,27.16 3 1
github.com/viniosilva/socialassistanceapi/internal/service/resource.go:32.2,33.37 2 1
github.com/viniosilva/socialassistanceapi/internal/service/resource.go:45.2,45.42 1 1
github.com/viniosilva/socialassistanceapi/internal/service/resource.go:27.16,30.3 2 1
github.com/viniosilva/socialassistanceapi/internal/service/resource.go:33.37,43.3 1 1
github.com/viniosilva/socialassistanceapi/internal/service/resource.go:48.109,52.35 3 1
github.com/viniosilva/socialassistanceapi/internal/service/resource.go:57.2,67.8 1 1
github.com/viniosilva/socialassistanceapi/internal/service/resource.go:52.35,55.3 2 1
github.com/viniosilva/socialassistanceapi/internal/service/resource.go:70.111,79.16 3 1
github.com/viniosilva/socialassistanceapi/internal/service/resource.go:84.2,94.8 1 1
github.com/viniosilva/socialassistanceapi/internal/service/resource.go:79.16,82.3 2 1
github.com/viniosilva/socialassistanceapi/internal/service/resource.go:97.91,105.17 2 1
github.com/viniosilva/socialassistanceapi/internal/service/resource.go:110.2,110.12 1 1
github.com/viniosilva/socialassistanceapi/internal/service/resource.go:105.17,108.3 2 1
github.com/viniosilva/socialassistanceapi/internal/service/resource.go:113.123,116.94 2 1
github.com/viniosilva/socialassistanceapi/internal/service/resource.go:121.2,121.12 1 1
github.com/viniosilva/socialassistanceapi/internal/service/resource.go:116.94,119.3 2 1
